   Nr.		Cnt.	 Compl.		Code		Language
   ---		----	 ------		----		--------
     1		  83	   100%    	ca      	Catalan; Valencian
     2		  83	   100%    	cs      	Czech
     3		  83	   100%    	de      	German
     4		  83	   100%    	el      	Greek, Modern (1453-)
     5		  83	   100%    	es      	Spanish; Castilian
     6		  83	   100%    	es_ES   	Spanish; Castilian @ Spain
     7		  83	   100%    	fi      	Finnish
     8		  83	   100%    	fr      	French
     9		  83	   100%    	fr_BE   	French @ Belgium
    10		  83	   100%    	hi      	Hindi
    11		  83	   100%    	it      	Italian
    12		  83	   100%    	ja      	Japanese
    13		  83	   100%    	nb      	Bokm책l, Norwegian; Norwegian Bokm책l
    14		  83	   100%    	nl      	Dutch; Flemish
    15		  83	   100%    	pl      	Polish
    16		  83	   100%    	pt      	Portuguese
    17		  83	   100%    	pt_BR   	Portuguese @ Brazil
    18		  83	   100%    	ru      	Russian
    19		  83	   100%    	sl      	Slovenian
    20		  83	   100%    	sv      	Swedish
    21		  83	   100%    	tr      	Turkish
    22		  80	    96%    	sq      	Albanian
    23		  77	    92%    	gl_ES   	Galician @ Spain
    24		  72	    86%    	da      	Danish
    25		  69	    83%    	fil_PH  	Filipino; Pilipino @ Philippines
    26		  52	    62%    	fa      	Persian
    27		  48	    57%    	sk      	Slovak
    28		  44	    53%    	hr      	Croatian
    29		  44	    53%    	lt      	Lithuanian
    30		  43	    51%    	am      	Amharic
    31		  37	    44%    	hu      	Hungarian
    32		  35	    42%    	th      	Thai
    33		  29	    34%    	zh_TW   	Chinese @ Taiwan, Province of China
    34		  26	    31%    	zh_CN   	Chinese @ China
    35		  18	    21%    	he_IL   	Hebrew @ Israel
    36		   8	     9%    	nb_NO   	Bokm책l, Norwegian; Norwegian Bokm책l @ Norway
    37		   8	     9%    	ro      	Romanian; Moldavian; Moldovan
    38		   8	     9%    	uk      	Ukrainian
    39		   7	     8%    	is      	Icelandic
    40		   6	     7%    	bg      	Bulgarian
    41		   6	     7%    	vi      	Vietnamese
    42		   5	     6%    	ar      	Arabic
    43		   5	     6%    	id      	Indonesian
    44		   5	     6%    	kk      	Kazakh
    45		   3	     3%    	et      	Estonian
    46		   3	     3%    	ko      	Korean
    47		   3	     3%    	mr      	Marathi
    48		   3	     3%    	sr      	Serbian
    49		   2	     2%    	eu      	Basque
    50		   2	     2%    	mk      	Macedonian
    51		   1	     1%    	gu      	Gujarati
    52		   1	     1%    	nl_BE   	Dutch; Flemish @ Belgium
    53		   0	     0%    	af      	Afrikaans
    54		   0	     0%    	be      	Belarusian
    55		   0	     0%    	bn      	Bengali
    56		   0	     0%    	en_GB   	English @ United Kingdom
    57		   0	     0%    	eo      	Esperanto
    58		   0	     0%    	fr_FR   	French @ France
    59		   0	     0%    	he      	Hebrew
    60		   0	     0%    	ku      	Kurdish
    61		   0	     0%    	or      	Oriya
    62		   0	     0%    	so      	Somali
    63		   0	     0%    	zh_HK   	Chinese @ Hong Kong
