   Nr.		Cnt.	 Compl.		Code		Language
   ---		----	 ------		----		--------
     1		  79	    95%    	ca      	Catalan; Valencian
     2		  79	    95%    	de      	German
     3		  79	    95%    	el      	Greek, Modern (1453-)
     4		  79	    95%    	es      	Spanish; Castilian
     5		  79	    95%    	es_ES   	Spanish; Castilian @ Spain
     6		  79	    95%    	fi      	Finnish
     7		  79	    95%    	fr      	French
     8		  79	    95%    	fr_BE   	French @ Belgium
     9		  79	    95%    	gl_ES   	Galician @ Spain
    10		  79	    95%    	hi      	Hindi
    11		  79	    95%    	it      	Italian
    12		  79	    95%    	ja      	Japanese
    13		  79	    95%    	nb      	Bokm책l, Norwegian; Norwegian Bokm책l
    14		  79	    95%    	nl      	Dutch; Flemish
    15		  79	    95%    	pl      	Polish
    16		  79	    95%    	pt      	Portuguese
    17		  79	    95%    	pt_BR   	Portuguese @ Brazil
    18		  79	    95%    	sl      	Slovenian
    19		  79	    95%    	sv      	Swedish
    20		  79	    95%    	tr      	Turkish
    21		  75	    90%    	cs      	Czech
    22		  75	    90%    	ru      	Russian
    23		  68	    81%    	da      	Danish
    24		  67	    80%    	fil_PH  	Filipino; Pilipino @ Philippines
    25		  52	    62%    	fa      	Persian
    26		  48	    57%    	sk      	Slovak
    27		  42	    50%    	hr      	Croatian
    28		  40	    48%    	am      	Amharic
    29		  40	    48%    	lt      	Lithuanian
    30		  34	    40%    	hu      	Hungarian
    31		  34	    40%    	th      	Thai
    32		  26	    31%    	zh_TW   	Chinese @ Taiwan, Province of China
    33		  24	    28%    	zh_CN   	Chinese @ China
    34		  16	    19%    	he_IL   	Hebrew @ Israel
    35		  11	    13%    	sq      	Albanian
    36		   8	     9%    	ro      	Romanian; Moldavian; Moldovan
    37		   6	     7%    	bg      	Bulgarian
    38		   6	     7%    	is      	Icelandic
    39		   6	     7%    	nb_NO   	Bokm책l, Norwegian; Norwegian Bokm책l @ Norway
    40		   6	     7%    	uk      	Ukrainian
    41		   6	     7%    	vi      	Vietnamese
    42		   5	     6%    	ar      	Arabic
    43		   5	     6%    	id      	Indonesian
    44		   5	     6%    	kk      	Kazakh
    45		   3	     3%    	et      	Estonian
    46		   3	     3%    	ko      	Korean
    47		   3	     3%    	mr      	Marathi
    48		   3	     3%    	sr      	Serbian
    49		   2	     2%    	eu      	Basque
    50		   2	     2%    	mk      	Macedonian
    51		   1	     1%    	gu      	Gujarati
    52		   1	     1%    	nl_BE   	Dutch; Flemish @ Belgium
    53		   0	     0%    	be      	Belarusian
    54		   0	     0%    	bn      	Bengali
    55		   0	     0%    	en_GB   	English @ United Kingdom
    56		   0	     0%    	eo      	Esperanto
    57		   0	     0%    	fr_FR   	French @ France
    58		   0	     0%    	he      	Hebrew
    59		   0	     0%    	ku      	Kurdish
    60		   0	     0%    	or      	Oriya
    61		   0	     0%    	so      	Somali
    62		   0	     0%    	zh_HK   	Chinese @ Hong Kong
